<?xml version="1.0" encoding="UTF-8" ?>
<testsuite tests="0" failures="0" name="Test" time="0" errors="0" skipped="0">
  <properties>
    <property name="idea.version" value="2017.3.5"/>
    <property name="java.runtime.name" value="Java(TM) SE Runtime Environment"/>
    <property name="sun.boot.library.path" value="C:\Javajdk_IDEA\jdk1.8.0_112\jre\bin"/>
    <property name="java.vm.version" value="25.112-b15"/>
    <property name="java.vm.vendor" value="Oracle Corporation"/>
    <property name="maven.multiModuleProjectDirectory" value="D:\workSpace\IDEAWorkSpace\cs_back_end\cs_backend\cs_backend"/>
    <property name="java.vendor.url" value="http://java.oracle.com/"/>
    <property name="path.separator" value=";"/>
    <property name="guice.disable.misplaced.annotation.check" value="true"/>
    <property name="java.vm.name" value="Java HotSpot(TM) 64-Bit Server VM"/>
    <property name="file.encoding.pkg" value="sun.io"/>
    <property name="user.script" value=""/>
    <property name="user.country" value="CN"/>
    <property name="sun.java.launcher" value="SUN_STANDARD"/>
    <property name="sun.os.patch.level" value=""/>
    <property name="java.vm.specification.name" value="Java Virtual Machine Specification"/>
    <property name="user.dir" value="D:\workSpace\IDEAWorkSpace\cs_back_end\cs_backend\cs_backend"/>
    <property name="java.runtime.version" value="1.8.0_112-b15"/>
    <property name="java.awt.graphicsenv" value="sun.awt.Win32GraphicsEnvironment"/>
    <property name="java.endorsed.dirs" value="C:\Javajdk_IDEA\jdk1.8.0_112\jre\lib\endorsed"/>
    <property name="os.arch" value="amd64"/>
    <property name="idea.modules.paths.file" value="C:\Users\Yue\.IntelliJIdea2017.3\system\Maven\idea-projects-state-268c7de7.properties"/>
    <property name="java.io.tmpdir" value="C:\Users\Yue\AppData\Local\Temp\"/>
    <property name="line.separator" value="
"/>
    <property name="java.vm.specification.vendor" value="Oracle Corporation"/>
    <property name="user.variant" value=""/>
    <property name="os.name" value="Windows 10"/>
    <property name="classworlds.conf" value="C:\Users\Yue\AppData\Local\Temp\idea-24064-mvn.conf"/>
    <property name="sun.jnu.encoding" value="GBK"/>
    <property name="java.library.path" value="C:\Javajdk_IDEA\jdk1.8.0_112\bin;C:\WINDOWS\Sun\Java\bin;C:\WINDOWS\system32;C:\WINDOWS;C:\python3.6.5\Scripts\;C:\python3.6.5\;C:\Java\jdk1.8.0_121\bin;C:\Java\jdk1.8.0_121\jre\bin;C:\ProgramData\Oracle\Java\javapath;C:\WINDOWS\system32;C:\WINDOWS;C:\WINDOWS\System32\Wbem;C:\WINDOWS\System32\WindowsPowerShell\v1.0\;C:\Program Files (x86)\AMD\ATI.ACE\Core-Static;C:\Program Files (x86)\MySQL\MySQL Server 5.5\bin;C:\Program Files\TortoiseSVN\bin;C:\Git\cmd;C:\nodejs\;C:\maven\apache-maven-3.5.0\bin;C:\Program Files\Microsoft SQL Server\110\Tools\Binn\;C:\Android;C:\Windows\System32;C:\Java\jdk1.8.0_121\bin;C:\Python27;?C:\py_adb\adb.exe;C:\Program Files\Intel\WiFi\bin\;C:\Program Files\Common Files\Intel\WirelessCommon\;C:\Program Files\MySQL\MySQL Server 5.5\bin;C:\Program Files\TortoiseGit\bin;C:\Users\Yue\AppData\Local\Microsoft\WindowsApps;C:\Users\Yue\AppData\Roaming\npm;C:\Microsoft VS Code\bin;C:\Program Files\Intel\WiFi\bin\;C:\Program Files\Common Files\Intel\WirelessCommon\;C:\Users\Yue\AppData\Local\GitHubDesktop\bin;."/>
    <property name="jboss.modules.system.pkgs" value="com.intellij.rt"/>
    <property name="java.specification.name" value="Java Platform API Specification"/>
    <property name="java.class.version" value="52.0"/>
    <property name="sun.management.compiler" value="HotSpot 64-Bit Tiered Compilers"/>
    <property name="maven.repo.local" value="D:\mavenSetting\maven\local_dependencies\yycc-wh-maven-repo"/>
    <property name="os.version" value="10.0"/>
    <property name="user.home" value="C:\Users\Yue"/>
    <property name="user.timezone" value="Asia/Shanghai"/>
    <property name="java.awt.printerjob" value="sun.awt.windows.WPrinterJob"/>
    <property name="java.specification.version" value="1.8"/>
    <property name="file.encoding" value="UTF-8"/>
    <property name="user.name" value="Yue"/>
    <property name="java.class.path" value="C:\Program Files\JetBrains\IntelliJ IDEA 2017.3\plugins\maven\lib\maven3\boot\plexus-classworlds-2.5.2.jar;C:\Program Files\JetBrains\IntelliJ IDEA 2017.3\lib\idea_rt.jar;C:\Users\Yue\.IntelliJIdea2017.3\system\captureAgent\debugger-agent.jar"/>
    <property name="java.vm.specification.version" value="1.8"/>
    <property name="sun.arch.data.model" value="64"/>
    <property name="java.home" value="C:\Javajdk_IDEA\jdk1.8.0_112\jre"/>
    <property name="sun.java.command" value="org.codehaus.classworlds.Launcher -Didea.version=2017.3.5 -s D:\mavenSetting\maven\conf\settings_0.xml -Dmaven.repo.local=D:\mavenSetting\maven\local_dependencies\yycc-wh-maven-repo install -P jdk18"/>
    <property name="java.specification.vendor" value="Oracle Corporation"/>
    <property name="user.language" value="zh"/>
    <property name="awt.toolkit" value="sun.awt.windows.WToolkit"/>
    <property name="java.vm.info" value="mixed mode"/>
    <property name="java.version" value="1.8.0_112"/>
    <property name="java.ext.dirs" value="C:\Javajdk_IDEA\jdk1.8.0_112\jre\lib\ext;C:\WINDOWS\Sun\Java\lib\ext"/>
    <property name="sun.boot.class.path" value="C:\Javajdk_IDEA\jdk1.8.0_112\jre\lib\resources.jar;C:\Javajdk_IDEA\jdk1.8.0_112\jre\lib\rt.jar;C:\Javajdk_IDEA\jdk1.8.0_112\jre\lib\sunrsasign.jar;C:\Javajdk_IDEA\jdk1.8.0_112\jre\lib\jsse.jar;C:\Javajdk_IDEA\jdk1.8.0_112\jre\lib\jce.jar;C:\Javajdk_IDEA\jdk1.8.0_112\jre\lib\charsets.jar;C:\Javajdk_IDEA\jdk1.8.0_112\jre\lib\jfr.jar;C:\Javajdk_IDEA\jdk1.8.0_112\jre\classes;C:\Users\Yue\.IntelliJIdea2017.3\system\captureAgent\debugger-agent-storage.jar"/>
    <property name="java.vendor" value="Oracle Corporation"/>
    <property name="maven.home" value="C:\Program Files\JetBrains\IntelliJ IDEA 2017.3\plugins\maven\lib\maven3"/>
    <property name="file.separator" value="\"/>
    <property name="java.vendor.url.bug" value="http://bugreport.sun.com/bugreport/"/>
    <property name="sun.cpu.endian" value="little"/>
    <property name="sun.io.unicode.encoding" value="UnicodeLittle"/>
    <property name="sun.desktop" value="windows"/>
    <property name="sun.cpu.isalist" value="amd64"/>
  </properties>
</testsuite>